<?xml version="1.0" encoding="UTF-8"?>
<!-- Generated by org.testng.reporters.JUnitReportReporter -->
<testsuite hostname="DESKTOP-TKKM9EV" failures="0" tests="1" name="tests.searchappartments.SearchApparmentsTest" time="6.878" errors="0" timestamp="2023-01-05T15:53:01 AMT" skipped="0">
  <testcase classname="tests.searchappartments.SearchApparmentsTest" name="checkIsRedirectToListing" time="6.878"/>
  <system-out/>
</testsuite> <!-- tests.searchappartments.SearchApparmentsTest -->
